New log file opened at Fri Feb 03 12:01:41 MSK 2017 by 1707@Vladimirs-MBP.Dlink
Taking next connection to: 50921
New client attempting to connect on port: 50922-50921
  Address = /192.168.0.11:50921
This client on port 50922 has uuid b6b940dc-d7e8-476b-aafb-bc8cc8622586 configName activator humanReadableName Activator protocolVersion 3 featureTags Vector()
Connected Clients: activator-b6b940dc-d7e8-476b-aafb-bc8cc8622586
Taking next connection to: 50921
New client attempting to connect on port: 50928-50921
  Address = /192.168.0.11:50921
Handshake exception on socket: 50928
sbt.impl.ipc.HandshakeException: Unable to perform handshake
	at sbt.impl.ipc.Peer.handshake(IPC.scala:46)
	at sbt.impl.ipc.MultiClientServer.<init>(IPC.scala:150)
	at sbt.server.SbtServerSocketHandler$$anon$1.run(SbtServerSocketHandler.scala:43)
Caused by: java.io.EOFException
	at java.io.DataInputStream.readInt(DataInputStream.java:392)
	at sbt.impl.ipc.Peer.receive(IPC.scala:95)
	at sbt.impl.ipc.Peer.handshake(IPC.scala:49)
	... 2 more
Taking next connection to: 50921
New client attempting to connect on port: 50929-50921
  Address = /192.168.0.11:50921
This client on port 50929 has uuid 10743e44-2959-476e-8ec9-5dacd4d8a676 configName play-fork-run humanReadableName Play Fork Run protocolVersion 1 featureTags Vector()
Connected Clients: activator-b6b940dc-d7e8-476b-aafb-bc8cc8622586, play-fork-run-10743e44-2959-476e-8ec9-5dacd4d8a676
Taking next connection to: 50921
Checking to see if clients are empty...
We have 1 non-daemon clients, continuing serving connections.
Taking next connection to: 50921
New client attempting to connect on port: 50968-50921
  Address = /192.168.0.11:50921
Handshake exception on socket: 50968
sbt.impl.ipc.HandshakeException: Unable to perform handshake
	at sbt.impl.ipc.Peer.handshake(IPC.scala:46)
	at sbt.impl.ipc.MultiClientServer.<init>(IPC.scala:150)
	at sbt.server.SbtServerSocketHandler$$anon$1.run(SbtServerSocketHandler.scala:43)
Caused by: java.io.EOFException
	at java.io.DataInputStream.readInt(DataInputStream.java:392)
	at sbt.impl.ipc.Peer.receive(IPC.scala:95)
	at sbt.impl.ipc.Peer.handshake(IPC.scala:49)
	... 2 more
Taking next connection to: 50921
New client attempting to connect on port: 50969-50921
  Address = /192.168.0.11:50921
This client on port 50969 has uuid f7dc2c9a-3f3c-4444-949a-2cbbfdb4db6a configName play-fork-run humanReadableName Play Fork Run protocolVersion 1 featureTags Vector()
Connected Clients: activator-b6b940dc-d7e8-476b-aafb-bc8cc8622586, play-fork-run-f7dc2c9a-3f3c-4444-949a-2cbbfdb4db6a
Taking next connection to: 50921
Checking to see if clients are empty...
We have 1 non-daemon clients, continuing serving connections.
Taking next connection to: 50921
Checking to see if clients are empty...
We have 1 non-daemon clients, continuing serving connections.
Taking next connection to: 50921
