New log file opened at Fri Feb 03 11:35:12 MSK 2017 by 1475@Vladimirs-MBP.Dlink
jvm 1475@Vladimirs-MBP.Dlink
jvm vmName=Java HotSpot(TM) 64-Bit Server VM vmVendor=Oracle Corporation vmVersion=25.74-b02
jvm specName=Java Virtual Machine Specification specVendor=Oracle Corporation specVersion=1.8
jvm arguments: [-Xms256m, -Xmx1024m, -XX:MetaspaceSize=64m, -XX:MaxMetaspaceSize=256m]
Starting event engine
Starting sbt command engine
Waiting for sbt command engine
Command engine arguments=List()
Command engine baseDirectory=/Users/vnazarov/workspace/computer-database-java
Command engine initial remaining commands List(--initialize, onFailure load-failed, boot, server-send-ready-for-request, server-handle-next-server-request)
> --initialize
> initialize
> onFailure load-failed
> boot
> reload
[Loading] Scanning directory /Users/vnazarov/workspace/computer-database-java/project
[Loading] Found non-root projects 
[Loading] Done in /Users/vnazarov/workspace/computer-database-java/project, returning: ()
deducing auto plugins based on known facts Set(Atom(sbt.plugins.CorePlugin)) and clauses Clauses(List(Clause(Atom(sbt.plugins.JvmPlugin),Set(Atom(sbt.plugins.IvyPlugin))), Clause(Atom(sbt.plugins.JUnitXmlReportPlugin),Set(Atom(sbt.plugins.JvmPlugin))), Clause(Atom(sbt.plugins.CorePlugin),Set(Atom(sbt.plugins.IvyPlugin))), Clause(Atom(sbt.plugins.IvyPlugin),Set(Atom(sbt.plugins.JvmPlugin))), Clause(Atom(sbt.plugins.JvmPlugin),Set(Atom(sbt.plugins.JUnitXmlReportPlugin)))))
  :: deduced result: Matched(sbt.plugins.CorePlugin,sbt.plugins.IvyPlugin,sbt.plugins.JvmPlugin,sbt.plugins.JUnitXmlReportPlugin)
sorting: ns: List(sbt.plugins.CorePlugin, sbt.plugins.IvyPlugin, sbt.plugins.JvmPlugin, sbt.plugins.JUnitXmlReportPlugin)
  :: sorting:: found: List(sbt.plugins.CorePlugin) not found List(sbt.plugins.IvyPlugin, sbt.plugins.JvmPlugin, sbt.plugins.JUnitXmlReportPlugin)
  :: sorting:: found: List(sbt.plugins.CorePlugin, sbt.plugins.IvyPlugin) not found List(sbt.plugins.JvmPlugin, sbt.plugins.JUnitXmlReportPlugin)
  :: sorting:: found: List(sbt.plugins.CorePlugin, sbt.plugins.IvyPlugin, sbt.plugins.JvmPlugin) not found List(sbt.plugins.JUnitXmlReportPlugin)
  :: sorting:: found: List(sbt.plugins.CorePlugin, sbt.plugins.IvyPlugin, sbt.plugins.JvmPlugin, sbt.plugins.JUnitXmlReportPlugin) not found List()
  :: sorted deduced result: List(sbt.plugins.CorePlugin, sbt.plugins.IvyPlugin, sbt.plugins.JvmPlugin, sbt.plugins.JUnitXmlReportPlugin)
[Loading] Done in /Users/vnazarov/workspace/computer-database-java/project, returning: (computer-database-java-build)
Loading project definition from /Users/vnazarov/workspace/computer-database-java/project
Running task... Cancel: sbt.TaskCancellationStrategy$Null$@26b69384, check cycles: false

Initial source changes: 
	removed:Set()
	added: Set()
	modified: Set()
Removed products: Set()
External API changes: API Changes: Set()
Modified binary dependencies: Set()
Initial directly invalidated sources: Set()

Sources indirectly invalidated by:
	product: Set()
	binary dep: Set()
	external source: Set()
All initially invalidated sources: Set()

Copy resource mappings: 
	
[Loading] Scanning directory /Users/vnazarov/workspace/computer-database-java
[Loading] Found root project root w/ remaining 
deducing auto plugins based on known facts Set(Atom(play.PlayJava), Atom(sbt.plugins.CorePlugin)) and clauses Clauses(List(Clause(Atom(sbt.plugins.JvmPlugin),Set(Atom(sbt.plugins.IvyPlugin))), Clause(Atom(sbt.plugins.JUnitXmlReportPlugin),Set(Atom(sbt.plugins.JvmPlugin))), Clause(Atom(play.sbt.forkrun.PlayForkRun),Set(Atom(sbt.plugins.BackgroundRunPlugin))), Clause(Atom(play.sbt.forkrun.PlayForkRun),Set(Atom(play.Play))), Clause(Atom(play.sbt.forkrun.PlayForkRun),Set(Atom(sbt.plugins.SerializersPlugin))), Clause(Atom(play.Play),Set(Atom(com.typesafe.sbt.webdriver.SbtWebDriver))), Clause(Atom(play.Play),Set(Atom(play.twirl.sbt.SbtTwirl))), Clause(Atom(play.Play),Set(Atom(com.typesafe.sbt.jse.SbtJsTask))), Clause(Atom(play.PlayJava),Set(Atom(play.Play))), Clause(Atom(play.PlayScala),Set(Atom(play.Play))), Clause(Atom(play.twirl.sbt.SbtTwirl),Set(Atom(sbt.plugins.JvmPlugin))), Clause(Atom(com.typesafe.sbt.jse.SbtJsEngine),Set(Atom(com.typesafe.sbt.web.SbtWeb))), Clause(Atom(com.typesafe.sbt.jse.SbtJsTask),Set(Atom(com.typesafe.sbt.jse.SbtJsEngine))), Clause(Atom(com.typesafe.sbt.webdriver.SbtWebDriver),Set(Atom(com.typesafe.sbt.web.SbtWeb))), Clause(Atom(sbt.plugins.BackgroundRunPlugin),Set(Atom(sbt.plugins.JvmPlugin))), Clause(Atom(com.typesafe.sbt.coffeescript.SbtCoffeeScript),Set(Atom(com.typesafe.sbt.jse.SbtJsTask))), Clause(Atom(com.typesafe.sbt.less.SbtLess),Set(Atom(com.typesafe.sbt.jse.SbtJsTask))), Clause(Atom(com.typesafe.sbt.jshint.SbtJSHint),Set(Atom(com.typesafe.sbt.jse.SbtJsTask))), Clause(Atom(com.typesafe.sbt.rjs.SbtRjs),Set(Atom(com.typesafe.sbt.jse.SbtJsTask))), Clause(Atom(com.typesafe.sbt.digest.SbtDigest),Set(Atom(com.typesafe.sbt.web.SbtWeb))), Clause(Atom(com.typesafe.sbt.gzip.SbtGzip),Set(Atom(com.typesafe.sbt.web.SbtWeb))), Clause(Atom(com.typesafe.sbt.mocha.SbtMocha),Set(Atom(com.typesafe.sbt.jse.SbtJsTask))), Clause(Atom(sbt.plugins.CorePlugin),Set(Atom(sbt.plugins.IvyPlugin))), Clause(Atom(sbt.plugins.IvyPlugin),Set(Atom(sbt.plugins.JvmPlugin))), Clause(Atom(sbt.plugins.JvmPlugin),Set(Atom(sbt.plugins.JUnitXmlReportPlugin))), Clause(And(Set(Atom(sbt.plugins.BackgroundRunPlugin), Atom(play.Play), Atom(sbt.plugins.SerializersPlugin))),Set(Atom(play.sbt.forkrun.PlayForkRun))), Clause(Atom(com.typesafe.sbt.web.SbtWeb),Set(Atom(com.typesafe.sbt.jse.SbtJsEngine))), Clause(Atom(com.typesafe.sbt.jse.SbtJsEngine),Set(Atom(com.typesafe.sbt.jse.SbtJsTask))), Clause(Atom(com.typesafe.sbt.web.SbtWeb),Set(Atom(com.typesafe.sbt.webdriver.SbtWebDriver))), Clause(Atom(sbt.plugins.JvmPlugin),Set(Atom(sbt.plugins.BackgroundRunPlugin))), Clause(Atom(sbt.plugins.CorePlugin),Set(Atom(sbt.plugins.InteractionServicePlugin))), Clause(Atom(sbt.plugins.CorePlugin),Set(Atom(sbt.plugins.SendEventServicePlugin))), Clause(Atom(sbt.plugins.CorePlugin),Set(Atom(sbt.plugins.SerializersPlugin))), Clause(Atom(com.typesafe.sbt.jse.SbtJsTask),Set(Atom(com.typesafe.sbt.coffeescript.SbtCoffeeScript))), Clause(Atom(com.typesafe.sbt.jse.SbtJsTask),Set(Atom(com.typesafe.sbt.less.SbtLess))), Clause(Atom(com.typesafe.sbt.jse.SbtJsTask),Set(Atom(com.typesafe.sbt.jshint.SbtJSHint))), Clause(Atom(com.typesafe.sbt.jse.SbtJsTask),Set(Atom(com.typesafe.sbt.rjs.SbtRjs))), Clause(Atom(com.typesafe.sbt.web.SbtWeb),Set(Atom(com.typesafe.sbt.digest.SbtDigest))), Clause(Atom(com.typesafe.sbt.web.SbtWeb),Set(Atom(com.typesafe.sbt.gzip.SbtGzip))), Clause(Atom(com.typesafe.sbt.jse.SbtJsTask),Set(Atom(com.typesafe.sbt.mocha.SbtMocha)))))
  :: deduced result: Matched(sbt.plugins.CorePlugin,play.PlayJava,sbt.plugins.InteractionServicePlugin,sbt.plugins.SendEventServicePlugin,play.Play,sbt.plugins.SerializersPlugin,sbt.plugins.IvyPlugin,sbt.plugins.JvmPlugin,com.typesafe.sbt.jse.SbtJsTask,play.twirl.sbt.SbtTwirl,com.typesafe.sbt.webdriver.SbtWebDriver,com.typesafe.sbt.jshint.SbtJSHint,sbt.plugins.JUnitXmlReportPlugin,com.typesafe.sbt.mocha.SbtMocha,com.typesafe.sbt.less.SbtLess,com.typesafe.sbt.web.SbtWeb,com.typesafe.sbt.rjs.SbtRjs,com.typesafe.sbt.jse.SbtJsEngine,com.typesafe.sbt.coffeescript.SbtCoffeeScript,sbt.plugins.BackgroundRunPlugin,com.typesafe.sbt.gzip.SbtGzip,com.typesafe.sbt.digest.SbtDigest,play.sbt.forkrun.PlayForkRun)
sorting: ns: List(sbt.plugins.CorePlugin, play.PlayJava, sbt.plugins.InteractionServicePlugin, sbt.plugins.SendEventServicePlugin, play.Play, sbt.plugins.SerializersPlugin, sbt.plugins.IvyPlugin, sbt.plugins.JvmPlugin, com.typesafe.sbt.jse.SbtJsTask, play.twirl.sbt.SbtTwirl, com.typesafe.sbt.webdriver.SbtWebDriver, com.typesafe.sbt.jshint.SbtJSHint, sbt.plugins.JUnitXmlReportPlugin, com.typesafe.sbt.mocha.SbtMocha, com.typesafe.sbt.less.SbtLess, com.typesafe.sbt.web.SbtWeb, com.typesafe.sbt.rjs.SbtRjs, com.typesafe.sbt.jse.SbtJsEngine, com.typesafe.sbt.coffeescript.SbtCoffeeScript, sbt.plugins.BackgroundRunPlugin, com.typesafe.sbt.gzip.SbtGzip, com.typesafe.sbt.digest.SbtDigest, play.sbt.forkrun.PlayForkRun)
  :: sorting:: found: List(sbt.plugins.CorePlugin, com.typesafe.sbt.web.SbtWeb) not found List(play.PlayJava, sbt.plugins.InteractionServicePlugin, sbt.plugins.SendEventServicePlugin, play.Play, sbt.plugins.SerializersPlugin, sbt.plugins.IvyPlugin, sbt.plugins.JvmPlugin, com.typesafe.sbt.jse.SbtJsTask, play.twirl.sbt.SbtTwirl, com.typesafe.sbt.webdriver.SbtWebDriver, com.typesafe.sbt.jshint.SbtJSHint, sbt.plugins.JUnitXmlReportPlugin, com.typesafe.sbt.mocha.SbtMocha, com.typesafe.sbt.less.SbtLess, com.typesafe.sbt.rjs.SbtRjs, com.typesafe.sbt.jse.SbtJsEngine, com.typesafe.sbt.coffeescript.SbtCoffeeScript, sbt.plugins.BackgroundRunPlugin, com.typesafe.sbt.gzip.SbtGzip, com.typesafe.sbt.digest.SbtDigest, play.sbt.forkrun.PlayForkRun)
  :: sorting:: found: List(sbt.plugins.CorePlugin, com.typesafe.sbt.web.SbtWeb, sbt.plugins.InteractionServicePlugin, sbt.plugins.SendEventServicePlugin, sbt.plugins.SerializersPlugin, sbt.plugins.IvyPlugin, com.typesafe.sbt.webdriver.SbtWebDriver, com.typesafe.sbt.jse.SbtJsEngine, com.typesafe.sbt.gzip.SbtGzip, com.typesafe.sbt.digest.SbtDigest) not found List(play.PlayJava, play.Play, sbt.plugins.JvmPlugin, com.typesafe.sbt.jse.SbtJsTask, play.twirl.sbt.SbtTwirl, com.typesafe.sbt.jshint.SbtJSHint, sbt.plugins.JUnitXmlReportPlugin, com.typesafe.sbt.mocha.SbtMocha, com.typesafe.sbt.less.SbtLess, com.typesafe.sbt.rjs.SbtRjs, com.typesafe.sbt.coffeescript.SbtCoffeeScript, sbt.plugins.BackgroundRunPlugin, play.sbt.forkrun.PlayForkRun)
  :: sorting:: found: List(sbt.plugins.CorePlugin, com.typesafe.sbt.web.SbtWeb, sbt.plugins.InteractionServicePlugin, sbt.plugins.SendEventServicePlugin, sbt.plugins.SerializersPlugin, sbt.plugins.IvyPlugin, com.typesafe.sbt.webdriver.SbtWebDriver, com.typesafe.sbt.jse.SbtJsEngine, com.typesafe.sbt.gzip.SbtGzip, com.typesafe.sbt.digest.SbtDigest, sbt.plugins.JvmPlugin, com.typesafe.sbt.jse.SbtJsTask) not found List(play.PlayJava, play.Play, play.twirl.sbt.SbtTwirl, com.typesafe.sbt.jshint.SbtJSHint, sbt.plugins.JUnitXmlReportPlugin, com.typesafe.sbt.mocha.SbtMocha, com.typesafe.sbt.less.SbtLess, com.typesafe.sbt.rjs.SbtRjs, com.typesafe.sbt.coffeescript.SbtCoffeeScript, sbt.plugins.BackgroundRunPlugin, play.sbt.forkrun.PlayForkRun)
  :: sorting:: found: List(sbt.plugins.CorePlugin, com.typesafe.sbt.web.SbtWeb, sbt.plugins.InteractionServicePlugin, sbt.plugins.SendEventServicePlugin, sbt.plugins.SerializersPlugin, sbt.plugins.IvyPlugin, com.typesafe.sbt.webdriver.SbtWebDriver, com.typesafe.sbt.jse.SbtJsEngine, com.typesafe.sbt.gzip.SbtGzip, com.typesafe.sbt.digest.SbtDigest, sbt.plugins.JvmPlugin, com.typesafe.sbt.jse.SbtJsTask, play.twirl.sbt.SbtTwirl, com.typesafe.sbt.jshint.SbtJSHint, sbt.plugins.JUnitXmlReportPlugin, com.typesafe.sbt.mocha.SbtMocha, com.typesafe.sbt.less.SbtLess, com.typesafe.sbt.rjs.SbtRjs, com.typesafe.sbt.coffeescript.SbtCoffeeScript, sbt.plugins.BackgroundRunPlugin) not found List(play.PlayJava, play.Play, play.sbt.forkrun.PlayForkRun)
  :: sorting:: found: List(sbt.plugins.CorePlugin, com.typesafe.sbt.web.SbtWeb, sbt.plugins.InteractionServicePlugin, sbt.plugins.SendEventServicePlugin, sbt.plugins.SerializersPlugin, sbt.plugins.IvyPlugin, com.typesafe.sbt.webdriver.SbtWebDriver, com.typesafe.sbt.jse.SbtJsEngine, com.typesafe.sbt.gzip.SbtGzip, com.typesafe.sbt.digest.SbtDigest, sbt.plugins.JvmPlugin, com.typesafe.sbt.jse.SbtJsTask, play.twirl.sbt.SbtTwirl, com.typesafe.sbt.jshint.SbtJSHint, sbt.plugins.JUnitXmlReportPlugin, com.typesafe.sbt.mocha.SbtMocha, com.typesafe.sbt.less.SbtLess, com.typesafe.sbt.rjs.SbtRjs, com.typesafe.sbt.coffeescript.SbtCoffeeScript, sbt.plugins.BackgroundRunPlugin, play.Play) not found List(play.PlayJava, play.sbt.forkrun.PlayForkRun)
  :: sorting:: found: List(sbt.plugins.CorePlugin, com.typesafe.sbt.web.SbtWeb, sbt.plugins.InteractionServicePlugin, sbt.plugins.SendEventServicePlugin, sbt.plugins.SerializersPlugin, sbt.plugins.IvyPlugin, com.typesafe.sbt.webdriver.SbtWebDriver, com.typesafe.sbt.jse.SbtJsEngine, com.typesafe.sbt.gzip.SbtGzip, com.typesafe.sbt.digest.SbtDigest, sbt.plugins.JvmPlugin, com.typesafe.sbt.jse.SbtJsTask, play.twirl.sbt.SbtTwirl, com.typesafe.sbt.jshint.SbtJSHint, sbt.plugins.JUnitXmlReportPlugin, com.typesafe.sbt.mocha.SbtMocha, com.typesafe.sbt.less.SbtLess, com.typesafe.sbt.rjs.SbtRjs, com.typesafe.sbt.coffeescript.SbtCoffeeScript, sbt.plugins.BackgroundRunPlugin, play.Play, play.PlayJava, play.sbt.forkrun.PlayForkRun) not found List()
  :: sorted deduced result: List(sbt.plugins.CorePlugin, com.typesafe.sbt.web.SbtWeb, sbt.plugins.InteractionServicePlugin, sbt.plugins.SendEventServicePlugin, sbt.plugins.SerializersPlugin, sbt.plugins.IvyPlugin, com.typesafe.sbt.webdriver.SbtWebDriver, com.typesafe.sbt.jse.SbtJsEngine, com.typesafe.sbt.gzip.SbtGzip, com.typesafe.sbt.digest.SbtDigest, sbt.plugins.JvmPlugin, com.typesafe.sbt.jse.SbtJsTask, play.twirl.sbt.SbtTwirl, com.typesafe.sbt.jshint.SbtJSHint, sbt.plugins.JUnitXmlReportPlugin, com.typesafe.sbt.mocha.SbtMocha, com.typesafe.sbt.less.SbtLess, com.typesafe.sbt.rjs.SbtRjs, com.typesafe.sbt.coffeescript.SbtCoffeeScript, sbt.plugins.BackgroundRunPlugin, play.Play, play.PlayJava, play.sbt.forkrun.PlayForkRun)
[Loading] Done in /Users/vnazarov/workspace/computer-database-java, returning: (root)
Set current project to computer-database-java (in build file:/Users/vnazarov/workspace/computer-database-java/)
Reapplying settings...
Set current project to computer-database-java (in build file:/Users/vnazarov/workspace/computer-database-java/)
> iflast shell
> server-send-ready-for-request
> server-handle-next-server-request
> compile
Evaluating tasks: compile:compile
Running task... Cancel: sbt.server.ServerTaskCancellation@3b0fe84, check cycles: false

Initial source changes: 
	removed:Set()
	added: Set()
	modified: Set()
Removed products: Set()
External API changes: API Changes: Set()
Modified binary dependencies: Set()
Initial directly invalidated sources: Set()

Sources indirectly invalidated by:
	product: Set()
	binary dep: Set()
	external source: Set()
All initially invalidated sources: Set()

Total time: 2 s, completed Feb 3, 2017 11:35:21 AM
> server-post-command-cleanup
> server-handle-next-server-request
> {file:/Users/vnazarov/workspace/computer-database-java/}root/compile:discoveredMainClasses
Evaluating tasks: compile:discoveredMainClasses
Running task... Cancel: sbt.server.ServerTaskCancellation@5d3e6f02, check cycles: false

Initial source changes: 
	removed:Set()
	added: Set()
	modified: Set()
Removed products: Set()
External API changes: API Changes: Set()
Modified binary dependencies: Set()
Initial directly invalidated sources: Set()

Sources indirectly invalidated by:
	product: Set()
	binary dep: Set()
	external source: Set()
All initially invalidated sources: Set()

Total time: 1 s, completed Feb 3, 2017 11:35:22 AM
> server-post-command-cleanup
> server-handle-next-server-request
> {file:/Users/vnazarov/workspace/computer-database-java/}root/compile:mainClass
Evaluating tasks: compile:mainClass
Running task... Cancel: sbt.server.ServerTaskCancellation@4b8aaad1, check cycles: false
Total time: 0 s, completed Feb 3, 2017 11:35:22 AM
> server-post-command-cleanup
> server-handle-next-server-request
> {file:/Users/vnazarov/workspace/computer-database-java/}root/compile:discoveredMainClasses
Evaluating tasks: compile:discoveredMainClasses
Running task... Cancel: sbt.server.ServerTaskCancellation@34f7cf1a, check cycles: false

Initial source changes: 
	removed:Set()
	added: Set()
	modified: Set()
Removed products: Set()
External API changes: API Changes: Set()
Modified binary dependencies: Set()
Initial directly invalidated sources: Set()

Sources indirectly invalidated by:
	product: Set()
	binary dep: Set()
	external source: Set()
All initially invalidated sources: Set()

Total time: 1 s, completed Feb 3, 2017 11:35:23 AM
> server-post-command-cleanup
> server-handle-next-server-request
> backgroundRun
Evaluating tasks: compile:backgroundRun
Running task... Cancel: sbt.server.ServerTaskCancellation@696f5ed, check cycles: false
Total time: 0 s, completed Feb 3, 2017 11:37:27 AM
> server-post-command-cleanup
> server-handle-next-server-request
> {file:/Users/vnazarov/workspace/computer-database-java/}root/*:playForkConfig
Evaluating tasks: *:playForkConfig
Running task... Cancel: sbt.server.ServerTaskCancellation@3106bbdd, check cycles: false
Total time: 0 s, completed Feb 3, 2017 11:37:31 AM
> server-post-command-cleanup
> server-handle-next-server-request
> root/playForkNotifyStart http://localhost:9000
Evaluating tasks: *:playForkNotifyStart
Running task... Cancel: sbt.server.ServerTaskCancellation@761286d7, check cycles: false
Total time: 0 s, completed Feb 3, 2017 11:37:33 AM
> server-post-command-cleanup
> server-handle-next-server-request
> {file:/Users/vnazarov/workspace/computer-database-java/}root/*:playForkReload
Evaluating tasks: *:playForkReload
Running task... Cancel: sbt.server.ServerTaskCancellation@3f16df83, check cycles: false

Initial source changes: 
	removed:Set()
	added: Set()
	modified: Set()
Removed products: Set()
External API changes: API Changes: Set()
Modified binary dependencies: Set()
Initial directly invalidated sources: Set()

Sources indirectly invalidated by:
	product: Set()
	binary dep: Set()
	external source: Set()
All initially invalidated sources: Set()

Copy resource mappings: 
	(/Users/vnazarov/workspace/computer-database-java/conf/application.conf,/Users/vnazarov/workspace/computer-database-java/target/scala-2.11/classes/application.conf)
	(/Users/vnazarov/workspace/computer-database-java/conf/evolutions,/Users/vnazarov/workspace/computer-database-java/target/scala-2.11/classes/evolutions)
	(/Users/vnazarov/workspace/computer-database-java/conf/messages,/Users/vnazarov/workspace/computer-database-java/target/scala-2.11/classes/messages)
	(/Users/vnazarov/workspace/computer-database-java/conf/routes,/Users/vnazarov/workspace/computer-database-java/target/scala-2.11/classes/routes)
	(/Users/vnazarov/workspace/computer-database-java/conf/evolutions/default,/Users/vnazarov/workspace/computer-database-java/target/scala-2.11/classes/evolutions/default)
	(/Users/vnazarov/workspace/computer-database-java/conf/evolutions/default/1.sql,/Users/vnazarov/workspace/computer-database-java/target/scala-2.11/classes/evolutions/default/1.sql)
	(/Users/vnazarov/workspace/computer-database-java/conf/evolutions/default/2.sql,/Users/vnazarov/workspace/computer-database-java/target/scala-2.11/classes/evolutions/default/2.sql)
Total time: 3 s, completed Feb 3, 2017 11:37:51 AM
> server-post-command-cleanup
> server-handle-next-server-request
> {file:/Users/vnazarov/workspace/computer-database-java/}root/*:playForkReload
Evaluating tasks: *:playForkReload
Running task... Cancel: sbt.server.ServerTaskCancellation@df1a20, check cycles: false

Initial source changes: 
	removed:Set()
	added: Set()
	modified: Set()
Removed products: Set()
External API changes: API Changes: Set()
Modified binary dependencies: Set()
Initial directly invalidated sources: Set()

Sources indirectly invalidated by:
	product: Set()
	binary dep: Set()
	external source: Set()
All initially invalidated sources: Set()

Copy resource mappings: 
	(/Users/vnazarov/workspace/computer-database-java/conf/application.conf,/Users/vnazarov/workspace/computer-database-java/target/scala-2.11/classes/application.conf)
	(/Users/vnazarov/workspace/computer-database-java/conf/evolutions,/Users/vnazarov/workspace/computer-database-java/target/scala-2.11/classes/evolutions)
	(/Users/vnazarov/workspace/computer-database-java/conf/messages,/Users/vnazarov/workspace/computer-database-java/target/scala-2.11/classes/messages)
	(/Users/vnazarov/workspace/computer-database-java/conf/routes,/Users/vnazarov/workspace/computer-database-java/target/scala-2.11/classes/routes)
	(/Users/vnazarov/workspace/computer-database-java/conf/evolutions/default,/Users/vnazarov/workspace/computer-database-java/target/scala-2.11/classes/evolutions/default)
	(/Users/vnazarov/workspace/computer-database-java/conf/evolutions/default/1.sql,/Users/vnazarov/workspace/computer-database-java/target/scala-2.11/classes/evolutions/default/1.sql)
	(/Users/vnazarov/workspace/computer-database-java/conf/evolutions/default/2.sql,/Users/vnazarov/workspace/computer-database-java/target/scala-2.11/classes/evolutions/default/2.sql)
Total time: 1 s, completed Feb 3, 2017 11:38:48 AM
> server-post-command-cleanup
> server-handle-next-server-request
> jobStop 1
Evaluating tasks: *:jobStop
Running task... Cancel: sbt.server.ServerTaskCancellation@78911bb9, check cycles: false
Total time: 0 s, completed Feb 3, 2017 11:54:45 AM
> server-post-command-cleanup
> server-handle-next-server-request
> jobStop 1
Evaluating tasks: *:jobStop
Running task... Cancel: sbt.server.ServerTaskCancellation@1cfe6f44, check cycles: false
Exception in thread "sbt-bg-threads-1" java.lang.Error: java.lang.InterruptedException: sleep interrupted
	at java.util.concurrent.ThreadPoolExecutor.runWorker(ThreadPoolExecutor.java:1148)
	at java.util.concurrent.ThreadPoolExecutor$Worker.run(ThreadPoolExecutor.java:617)
	at java.lang.Thread.run(Thread.java:745)
Caused by: java.lang.InterruptedException: sleep interrupted
	at java.lang.Thread.sleep(Native Method)
	at play.sbt.forkrun.PlayForkProcess$.timedWaitFor$1(PlayForkProcess.scala:57)
	at play.sbt.forkrun.PlayForkProcess$.play$sbt$forkrun$PlayForkProcess$$stop$1(PlayForkProcess.scala:64)
	at play.sbt.forkrun.PlayForkProcess$.run(PlayForkProcess.scala:82)
	at play.sbt.forkrun.PlayForkProcess$.apply(PlayForkProcess.scala:34)
	at play.sbt.forkrun.PlayForkRun$$anonfun$backgroundForkRunTask$1$$anonfun$apply$7$$anonfun$apply$8$$anonfun$apply$9.apply(PlayForkRun.scala:108)
	at play.sbt.forkrun.PlayForkRun$$anonfun$backgroundForkRunTask$1$$anonfun$apply$7$$anonfun$apply$8$$anonfun$apply$9.apply(PlayForkRun.scala:107)
	at sbt.BackgroundThreadPool$$anonfun$1.apply$mcV$sp(AbstractBackgroundJobService.scala:134)
	at sbt.BackgroundThreadPool$BackgroundRunnable.run(AbstractBackgroundJobService.scala:68)
	at java.util.concurrent.ThreadPoolExecutor.runWorker(ThreadPoolExecutor.java:1142)
	... 2 more
Total time: 0 s, completed Feb 3, 2017 11:54:51 AM
> server-post-command-cleanup
> server-handle-next-server-request
> test
Evaluating tasks: test:test
Running task... Cancel: sbt.server.ServerTaskCancellation@599b50d9, check cycles: false

Initial source changes: 
	removed:Set()
	added: Set()
	modified: Set()
Removed products: Set()
External API changes: API Changes: Set()
Modified binary dependencies: Set()
Initial directly invalidated sources: Set()

Sources indirectly invalidated by:
	product: Set()
	binary dep: Set()
	external source: Set()
All initially invalidated sources: Set()

Copy resource mappings: 
	(/Users/vnazarov/workspace/computer-database-java/conf/application.conf,/Users/vnazarov/workspace/computer-database-java/target/scala-2.11/classes/application.conf)
	(/Users/vnazarov/workspace/computer-database-java/conf/evolutions,/Users/vnazarov/workspace/computer-database-java/target/scala-2.11/classes/evolutions)
	(/Users/vnazarov/workspace/computer-database-java/conf/messages,/Users/vnazarov/workspace/computer-database-java/target/scala-2.11/classes/messages)
	(/Users/vnazarov/workspace/computer-database-java/conf/routes,/Users/vnazarov/workspace/computer-database-java/target/scala-2.11/classes/routes)
	(/Users/vnazarov/workspace/computer-database-java/conf/evolutions/default,/Users/vnazarov/workspace/computer-database-java/target/scala-2.11/classes/evolutions/default)
	(/Users/vnazarov/workspace/computer-database-java/conf/evolutions/default/1.sql,/Users/vnazarov/workspace/computer-database-java/target/scala-2.11/classes/evolutions/default/1.sql)
	(/Users/vnazarov/workspace/computer-database-java/conf/evolutions/default/2.sql,/Users/vnazarov/workspace/computer-database-java/target/scala-2.11/classes/evolutions/default/2.sql)

Initial source changes: 
	removed:Set()
	added: Set(/Users/vnazarov/workspace/computer-database-java/test/FunctionalTest.java, /Users/vnazarov/workspace/computer-database-java/test/IntegrationTest.java, /Users/vnazarov/workspace/computer-database-java/test/ModelTest.java)
	modified: Set()
Removed products: Set()
External API changes: API Changes: Set()
Modified binary dependencies: Set()
Initial directly invalidated sources: Set(/Users/vnazarov/workspace/computer-database-java/test/FunctionalTest.java, /Users/vnazarov/workspace/computer-database-java/test/IntegrationTest.java, /Users/vnazarov/workspace/computer-database-java/test/ModelTest.java)

Sources indirectly invalidated by:
	product: Set()
	binary dep: Set()
	external source: Set()
All initially invalidated sources: Set(/Users/vnazarov/workspace/computer-database-java/test/FunctionalTest.java, /Users/vnazarov/workspace/computer-database-java/test/IntegrationTest.java, /Users/vnazarov/workspace/computer-database-java/test/ModelTest.java)

Recompiling all 3 sources: invalidated sources (3) exceeded 50.0% of all sources
Read from stdout: Compiling 3 Java sources to /Users/vnazarov/workspace/computer-database-java/target/scala-2.11/test-classes...
Compiling 3 Java sources to /Users/vnazarov/workspace/computer-database-java/target/scala-2.11/test-classes...
Attempting to call com.sun.tools.javac.api.JavacTool@695005be directly...
Java compilation took 1.736568225 s
Java analysis took 0.456878543 s
Java compile + analysis took 2.200584575 s
Invalidating /Users/vnazarov/workspace/computer-database-java/test/FunctionalTest.java...
Invalidating (transitively) by inheritance from /Users/vnazarov/workspace/computer-database-java/test/FunctionalTest.java...
Initial set of included nodes: Set(/Users/vnazarov/workspace/computer-database-java/test/FunctionalTest.java)
Invalidated by transitive inheritance dependency: Set(/Users/vnazarov/workspace/computer-database-java/test/FunctionalTest.java)
The /Users/vnazarov/workspace/computer-database-java/test/FunctionalTest.java source file has the following regular definitions changed:
	FunctionalTest, notify, wait, equals, notifyAll, <init>, toString, getClass, listComputersOnTheFirstPage, redirectHomePage, hashCode, filterComputerByName, createANewComputer.
All member reference dependencies will be considered within this context.
Name hashing optimization doesn't apply to non-Scala dependency: /Users/vnazarov/workspace/computer-database-java/test/FunctionalTest.java
Invalidating /Users/vnazarov/workspace/computer-database-java/test/IntegrationTest.java...
Invalidating (transitively) by inheritance from /Users/vnazarov/workspace/computer-database-java/test/IntegrationTest.java...
Initial set of included nodes: Set(/Users/vnazarov/workspace/computer-database-java/test/IntegrationTest.java)
Invalidated by transitive inheritance dependency: Set(/Users/vnazarov/workspace/computer-database-java/test/IntegrationTest.java)
The /Users/vnazarov/workspace/computer-database-java/test/IntegrationTest.java source file has the following regular definitions changed:
	notify, test, wait, equals, notifyAll, IntegrationTest, <init>, toString, getClass, hashCode.
All member reference dependencies will be considered within this context.
Name hashing optimization doesn't apply to non-Scala dependency: /Users/vnazarov/workspace/computer-database-java/test/IntegrationTest.java
Invalidating /Users/vnazarov/workspace/computer-database-java/test/ModelTest.java...
Invalidating (transitively) by inheritance from /Users/vnazarov/workspace/computer-database-java/test/ModelTest.java...
Initial set of included nodes: Set(/Users/vnazarov/workspace/computer-database-java/test/ModelTest.java)
Invalidated by transitive inheritance dependency: Set(/Users/vnazarov/workspace/computer-database-java/test/ModelTest.java)
The /Users/vnazarov/workspace/computer-database-java/test/ModelTest.java source file has the following regular definitions changed:
	notify, ModelTest, wait, equals, formatted, notifyAll, <init>, access$000, toString, getClass, findById, pagination, hashCode.
All member reference dependencies will be considered within this context.
Name hashing optimization doesn't apply to non-Scala dependency: /Users/vnazarov/workspace/computer-database-java/test/ModelTest.java
New invalidations:
	Set()
Initial set of included nodes: Set()
Previously invalidated, but (transitively) depend on new invalidations:
	Set()
All newly invalidated sources after taking into account (previously) recompiled sources:Set()
Copy resource mappings: 
	
Framework implementation 'org.scalacheck.ScalaCheckFramework' not present.
Framework implementation 'org.specs.runner.SpecsFramework' not present.
Framework implementation 'org.scalatest.tools.Framework' not present.
Framework implementation 'org.scalatest.tools.ScalaTestFramework' not present.
Subclass fingerprints: List((junit.framework.TestCase,false,com.novocode.junit.JUnit3Fingerprint@3b408ea3), (org.specs2.specification.SpecificationStructure,true,specs2 Specification fingerprint), (org.specs2.specification.SpecificationStructure,false,specs2 Specification fingerprint), (org.specs2.runner.FilesRunner,true,specs2 Specification files fingerprint), (org.specs2.runner.FilesRunner,false,specs2 Specification files fingerprint))
Annotation fingerprints: List((org.junit.runner.RunWith,false,com.novocode.junit.RunWithFingerprint@33d5e079), (org.junit.Test,false,com.novocode.junit.JUnitFingerprint@cdf5536))
Forking tests - parallelism = false
Create a single-thread test executor
Runner for com.novocode.junit.JUnitFramework produced 3 initial tasks for 3 tests.
  Running TaskDef(IntegrationTest, sbt.ForkMain$AnnotatedFingerscan@32a2b0f, false, [SuiteSelector])
Test run started
Test IntegrationTest.test started
Test IntegrationTest.test finished, took 5.283 sec
Test run finished: 0 failed, 0 ignored, 1 total, 5.291s
    Produced 0 nested tasks and 1 events.
  Running TaskDef(FunctionalTest, sbt.ForkMain$AnnotatedFingerscan@357f2123, false, [SuiteSelector])
Test run started
Test FunctionalTest.redirectHomePage started
Test FunctionalTest.redirectHomePage finished, took 0.171 sec
Test FunctionalTest.listComputersOnTheFirstPage started
Test FunctionalTest.listComputersOnTheFirstPage finished, took 0.147 sec
Test FunctionalTest.filterComputerByName started
Test FunctionalTest.filterComputerByName finished, took 0.103 sec
Test FunctionalTest.createANewComputer started
Test FunctionalTest.createANewComputer finished, took 0.137 sec
Test run finished: 0 failed, 0 ignored, 4 total, 0.561s
    Produced 0 nested tasks and 4 events.
  Running TaskDef(ModelTest, sbt.ForkMain$AnnotatedFingerscan@18ad0f43, false, [SuiteSelector])
Test run started
Test ModelTest.findById started
Test ModelTest.findById finished, took 0.092 sec
Test ModelTest.pagination started
Test ModelTest.pagination finished, took 0.093 sec
Test run finished: 0 failed, 0 ignored, 2 total, 0.187s
    Produced 0 nested tasks and 2 events.
Runner for org.specs2.runner.Specs2Framework produced 0 initial tasks for 0 tests.
Summary for JUnit not available.
Summary for specs2 not available.
Read from stdout: Passed: Total 7, Failed 0, Errors 0, Passed 7
Passed: Total 7, Failed 0, Errors 0, Passed 7
Passed tests:
	FunctionalTest
	ModelTest
	IntegrationTest
Total time: 11 s, completed Feb 3, 2017 11:56:03 AM
> server-post-command-cleanup
> server-handle-next-server-request
> backgroundRun
Evaluating tasks: compile:backgroundRun
Running task... Cancel: sbt.server.ServerTaskCancellation@7510cc86, check cycles: false
Total time: 0 s, completed Feb 3, 2017 11:56:20 AM
> server-post-command-cleanup
> server-handle-next-server-request
> {file:/Users/vnazarov/workspace/computer-database-java/}root/*:playForkConfig
Evaluating tasks: *:playForkConfig
Running task... Cancel: sbt.server.ServerTaskCancellation@5842e02d, check cycles: false
Total time: 0 s, completed Feb 3, 2017 11:56:23 AM
> server-post-command-cleanup
> server-handle-next-server-request
> root/playForkNotifyStart http://localhost:9000
Evaluating tasks: *:playForkNotifyStart
Running task... Cancel: sbt.server.ServerTaskCancellation@1655c76e, check cycles: false
Total time: 0 s, completed Feb 3, 2017 11:56:24 AM
> server-post-command-cleanup
> server-handle-next-server-request
> {file:/Users/vnazarov/workspace/computer-database-java/}root/*:playForkReload
Evaluating tasks: *:playForkReload
Running task... Cancel: sbt.server.ServerTaskCancellation@68ddba42, check cycles: false

Initial source changes: 
	removed:Set()
	added: Set()
	modified: Set()
Removed products: Set()
External API changes: API Changes: Set()
Modified binary dependencies: Set()
Initial directly invalidated sources: Set()

Sources indirectly invalidated by:
	product: Set()
	binary dep: Set()
	external source: Set()
All initially invalidated sources: Set()

Copy resource mappings: 
	(/Users/vnazarov/workspace/computer-database-java/conf/application.conf,/Users/vnazarov/workspace/computer-database-java/target/scala-2.11/classes/application.conf)
	(/Users/vnazarov/workspace/computer-database-java/conf/evolutions,/Users/vnazarov/workspace/computer-database-java/target/scala-2.11/classes/evolutions)
	(/Users/vnazarov/workspace/computer-database-java/conf/messages,/Users/vnazarov/workspace/computer-database-java/target/scala-2.11/classes/messages)
	(/Users/vnazarov/workspace/computer-database-java/conf/routes,/Users/vnazarov/workspace/computer-database-java/target/scala-2.11/classes/routes)
	(/Users/vnazarov/workspace/computer-database-java/conf/evolutions/default,/Users/vnazarov/workspace/computer-database-java/target/scala-2.11/classes/evolutions/default)
	(/Users/vnazarov/workspace/computer-database-java/conf/evolutions/default/1.sql,/Users/vnazarov/workspace/computer-database-java/target/scala-2.11/classes/evolutions/default/1.sql)
	(/Users/vnazarov/workspace/computer-database-java/conf/evolutions/default/2.sql,/Users/vnazarov/workspace/computer-database-java/target/scala-2.11/classes/evolutions/default/2.sql)
Total time: 1 s, completed Feb 3, 2017 11:56:49 AM
> server-post-command-cleanup
> server-handle-next-server-request
> jobStop 2
Evaluating tasks: *:jobStop
Running task... Cancel: sbt.server.ServerTaskCancellation@8d30a21, check cycles: false
Total time: 0 s, completed Feb 3, 2017 12:00:37 PM
> server-post-command-cleanup
> server-handle-next-server-request
Done executing sbt server engine, result Right(Exit(0))
Closing listening server socket
Waiting for socket thread
Waiting for request processor thread
Waiting for command engine result
Returning control to sbt launcher with result Exit(0)
Closing the 1475@Vladimirs-MBP.Dlink logs at Fri Feb 03 12:01:35 MSK 2017, goodbye.
